[2026-06-26T22:18:20.863801] [u_002] TEST_ACTION test_001 Это тест
[2026-06-26T22:18:43.313444] [u_002] TEST_ACTION test_001 Это тест
[2026-06-26T22:19:21.364861] [u_002] TEST_ACTION test_001 Это тест
[2026-06-26T22:21:57.759068] [system] INITIALIZED_FRACTIONS f_001 project=p_004 budget=100000 pool=57000.0
[2026-06-26T22:21:57.767622] [system] UPDATED_SHARES p_004 u_002=32000 u_003=25000
[2026-06-26T22:21:57.770637] [system] INITIALIZED_FINANCE fin_001 project=p_004
[2026-06-26T22:21:57.776310] [system] CLIENT_PAYMENT fin_001 project=p_004 amount=50000 total=50000/100000
[2026-06-26T22:21:57.778821] [system] PAYOUT fin_001 project=p_004 user=u_002 amount=10000 remaining=22000
[2026-06-26T22:21:57.780829] [system] PAYOUT fin_001 project=p_004 user=u_002 amount=22000 remaining=0
[2026-06-26T22:21:57.785180] [system] PAYOUT fin_001 project=p_004 user=u_003 amount=25000 remaining=0
[2026-06-26T22:21:57.787199] [system] PAYOUT fin_001 project=p_004 user=u_004 amount=28000 remaining=0
[2026-06-26T22:26:59.177465] [u_002] SESSION_CREATED 136f35c2c181837ae90835fcae35e0161b915cf0e8069c877f81720e1021a4a2 
[2026-06-26T22:26:59.178764] [u_002] SESSION_DELETED 136f35c2c181837ae90835fcae35e0161b915cf0e8069c877f81720e1021a4a2 
[2026-06-26T22:26:59.180821] [u_001] SESSION_CREATED 626c83551e6315e13550f4c5ee2592d086f25f9cedcd8d622a42d2e02c0226f2 
[2026-06-26T22:26:59.180821] [u_001] ADMIN_LOGIN 626c83551e6315e13550f4c5ee2592d086f25f9cedcd8d622a42d2e02c0226f2 
[2026-06-26T22:27:50.078351] [u_002] SESSION_CREATED 2ec60537724c9c8603f076ed39245f80c773a07811ab027ba6efb055f566c3c4 
[2026-06-26T22:27:50.081352] [u_002] SESSION_DELETED 2ec60537724c9c8603f076ed39245f80c773a07811ab027ba6efb055f566c3c4 
[2026-06-26T22:27:50.082856] [u_001] SESSION_CREATED b00ee6c6387acd0052c0d00e2d28635afbf6343ea0280e4f4877abdfdf2da5f9 
[2026-06-26T22:27:50.082856] [u_001] ADMIN_LOGIN b00ee6c6387acd0052c0d00e2d28635afbf6343ea0280e4f4877abdfdf2da5f9 
[2026-06-26T22:27:50.084637] [u_003] SESSION_CREATED 0f4e32867b214ba49164f50eae8a1c339ca61cc871ee40527457ee0105718224 
[2026-06-26T22:27:50.084637] [u_001] IMPERSONATE u_003 admin_session=b00ee6c6387acd0052c0d00e2d28635afbf6343ea0280e4f4877abdfdf2da5f9 new_session=0f4e32867b214ba49164f50eae8a1c339ca61cc871ee40527457ee0105718224
[2026-06-26T22:32:24.138582] [u_002] BOT_START telegram_id=6816631278 
[2026-06-26T22:43:04.756465] [u_002] BOT_START telegram_id=6816631278 
[2026-06-26T22:43:26.646274] [u_001] BOT_START telegram_id=8232255936 
